Log file open, 08/15/17 13:56:56
LogInit:Display: Running engine for game: LazyDay
LogPlatformFile: Not using cached read wrapper
LogInit:Display: RandInit(-894661416) SRandInit(-894661416).
LogTaskGraph: Started task graph with 5 named threads and 8 total threads with 1 sets of task threads.
LogStats: Stats thread started at 0.090036
LogInit: Using libcurl 7.47.1
LogInit:  - built for x86_64-pc-win32
LogInit:  - supports SSL with OpenSSL/1.0.2g
LogInit:  - supports HTTP deflate (compression) using libz 1.2.8
LogInit:  - other features:
LogInit:      CURL_VERSION_SSL
LogInit:      CURL_VERSION_LIBZ
LogInit:      CURL_VERSION_IPV6
LogInit:      CURL_VERSION_ASYNCHDNS
LogInit:      CURL_VERSION_LARGEFILE
LogInit:      CURL_VERSION_IDN
LogInit:  CurlRequestOptions (configurable via config and command line):
LogInit:  - bVerifyPeer = false  - Libcurl will NOT verify peer certificate
LogInit:  - bUseHttpProxy = false  - Libcurl will NOT use HTTP proxy
LogInit:  - bDontReuseConnections = false  - Libcurl will reuse connections
LogInit:  - CertBundlePath = nullptr  - Libcurl will use whatever was configured at build time.
LogInit: Build: ++UE4+Release-4.16-CL-3514769
LogInit: Engine Version: 4.16.2-3514769+++UE4+Release-4.16
LogInit: Compatible Engine Version: 4.16.0-3452394+++UE4+Release-4.16
LogInit: Net CL: 3452394
LogDevObjectVersion: Number of dev versions registered: 16
LogDevObjectVersion:   Dev-Blueprints (B0D832E4-1F89-4F0D-ACCF-7EB736FD4AA2): 9
LogDevObjectVersion:   Dev-Build (E1C64328-A22C-4D53-A36C-8E866417BD8C): 0
LogDevObjectVersion:   Dev-Core (375EC13C-06E4-48FB-B500-84F0262A717E): 2
LogDevObjectVersion:   Dev-Editor (E4B068ED-F494-42E9-A231-DA0B2E46BB41): 17
LogDevObjectVersion:   Dev-Framework (CFFC743F-43B0-4480-9391-14DF171D2073): 23
LogDevObjectVersion:   Dev-Mobile (B02B49B5-BB20-44E9-A304-32B752E40360): 0
LogDevObjectVersion:   Dev-Networking (A4E4105C-59A1-49B5-A7C5-40C4547EDFEE): 0
LogDevObjectVersion:   Dev-Online (39C831C9-5AE6-47DC-9A44-9C173E1C8E7C): 0
LogDevObjectVersion:   Dev-Physics (78F01B33-EBEA-4F98-B9B4-84EACCB95AA2): 0
LogDevObjectVersion:   Dev-Platform (6631380F-2D4D-43E0-8009-CF276956A95A): 0
LogDevObjectVersion:   Dev-Rendering (12F88B9F-8875-4AFC-A67C-D90C383ABD29): 15
LogDevObjectVersion:   Dev-Sequencer (7B5AE74C-D270-4C10-A958-57980B212A5A): 4
LogDevObjectVersion:   Dev-VR (D7296918-1DD6-4BDD-9DE2-64A83CC13884): 0
LogDevObjectVersion:   Dev-LoadTimes (C2A15278-BFE7-4AFE-6C17-90FF531DF755): 1
LogDevObjectVersion:   Private-Geometry (6EACA3D4-40EC-4CC1-B786-8BED09428FC5): 1
LogDevObjectVersion:   Dev-AnimPhys (29E575DD-E0A3-4627-9D10-D276232CDCEA): 3
LogInit: Compiled (64-bit): Jun 29 2017 02:03:24
LogInit: Compiled with Visual C++: 19.00.24215.01
LogInit: Build Configuration: Development
LogInit: Branch Name: ++UE4+Release-4.16
LogInit: Command line: -EpicPortal 
LogInit: Base directory: C:/Program Files/Epic Games/UE_4.16/Engine/Binaries/Win64/
LogInit: Installed Engine Build: 1
LogInit: Presizing for max 8388607 objects, including 0 objects not considered by GC, pre-allocating 0 bytes for permanent pool.
LogInit: Object subsystem initialized
[2017.08.15-20.56.57:306][  0]LogInit: Selected Device Profile: [Windows]
[2017.08.15-20.56.57:306][  0]LogInit: Applying CVar settings loaded from the selected device profile: [Windows]
[2017.08.15-20.56.57:319][  0]LogInit: Computer: LCIVAN-235-18
[2017.08.15-20.56.57:319][  0]LogInit: User: 0372346
[2017.08.15-20.56.57:319][  0]LogInit: CPU Page size=4096, Cores=4
[2017.08.15-20.56.57:319][  0]LogInit: High frequency timer resolution =3.410069 MHz
[2017.08.15-20.56.57:319][  0]LogMemory: Memory total: Physical=15.9GB (16GB approx)
[2017.08.15-20.56.57:319][  0]LogMemory: Platform Memory Stats for Windows
[2017.08.15-20.56.57:319][  0]LogMemory: Process Physical Memory: 272.33 MB used, 272.33 MB peak
[2017.08.15-20.56.57:319][  0]LogMemory: Process Virtual Memory: 263.14 MB used, 263.14 MB peak
[2017.08.15-20.56.57:319][  0]LogMemory: Physical Memory: 5460.05 MB used,  10831.20 MB free, 16291.25 MB total
[2017.08.15-20.56.57:319][  0]LogMemory: Virtual Memory: 640.41 MB used,  10831.20 MB free, 134217728.00 MB total
[2017.08.15-20.56.57:396][  0]LogInit: Using OS detected language (en-US).
[2017.08.15-20.56.57:396][  0]LogInit: Using OS detected locale (en-CA).
[2017.08.15-20.56.57:399][  0]LogTextLocalizationManager: No specific localization for 'en-US' exists, so the 'en' localization will be used.
[2017.08.15-20.56.58:280][  0]LogD3D11RHI: D3D11 adapters:
[2017.08.15-20.56.58:309][  0]LogD3D11RHI:    0. 'NVIDIA GeForce GTX 970' (Feature Level 11_0)
[2017.08.15-20.56.58:309][  0]LogD3D11RHI:       4058/0/8145 MB DedicatedVideo/DedicatedSystem/SharedSystem, Outputs:1, VendorId:0x10de
[2017.08.15-20.56.58:312][  0]LogD3D11RHI:    1. 'Microsoft Basic Render Driver' (Feature Level 11_0)
[2017.08.15-20.56.58:312][  0]LogD3D11RHI:       0/0/8145 MB DedicatedVideo/DedicatedSystem/SharedSystem, Outputs:0, VendorId:0x1414
[2017.08.15-20.56.58:312][  0]LogD3D11RHI: Chosen D3D11 Adapter: 0
[2017.08.15-20.56.58:319][  0]LogD3D11RHI: Creating new Direct3DDevice
[2017.08.15-20.56.58:319][  0]LogD3D11RHI:     GPU DeviceId: 0x13c2 (for the marketing name, search the web for "GPU Device Id")
[2017.08.15-20.56.58:319][  0]LogWindows: EnumDisplayDevices:
[2017.08.15-20.56.58:320][  0]LogWindows:    0. 'NVIDIA GeForce GTX 970' (P:1 D:1)
[2017.08.15-20.56.58:320][  0]LogWindows:    1. 'NVIDIA GeForce GTX 970' (P:0 D:0)
[2017.08.15-20.56.58:320][  0]LogWindows:    2. 'NVIDIA GeForce GTX 970' (P:0 D:0)
[2017.08.15-20.56.58:321][  0]LogWindows:    3. 'NVIDIA GeForce GTX 970' (P:0 D:0)
[2017.08.15-20.56.58:321][  0]LogWindows: DebugString: FoundDriverCount:4 
[2017.08.15-20.56.58:321][  0]LogD3D11RHI:     Adapter Name: NVIDIA GeForce GTX 970
[2017.08.15-20.56.58:321][  0]LogD3D11RHI:   Driver Version: 369.09 (internal:21.21.13.6909, unified:369.09)
[2017.08.15-20.56.58:321][  0]LogD3D11RHI:      Driver Date: 8-1-2016
[2017.08.15-20.56.58:321][  0]LogRHI: Texture pool is 1361 MB (70% of 1945 MB)
[2017.08.15-20.56.58:336][  0]LogD3D11RHI: Async texture creation enabled
[2017.08.15-20.56.58:346][  0]LogD3D11RHI: GPU Timing Frequency: 1000.000000 (Debug: 2 1)
[2017.08.15-20.56.58:394][  0]LogShaderCompilers: Guid format shader working directory is 0 characters bigger than the processId version (../../../../../../Users/0372346/Desktop/LazyDay/Intermediate/Shaders/WorkingDirectory/10780/).
[2017.08.15-20.56.58:394][  0]LogShaderCompilers: Cleaned the shader compiler working directory 'C:/Users/0372346/AppData/Local/Temp/UnrealShaderWorkingDir/8670F07441733B49BBCBC3A737351928/'.
[2017.08.15-20.56.58:394][  0]LogShaderCompilers:Display: Using Local Shader Compiler.
[2017.08.15-20.56.59:433][  0]LogTemp:Display: Loaded TP AllDesktopTargetPlatform
[2017.08.15-20.56.59:480][  0]LogTemp:Display: Loaded TP MacClientTargetPlatform
[2017.08.15-20.56.59:536][  0]LogTemp:Display: Loaded TP MacNoEditorTargetPlatform
[2017.08.15-20.56.59:584][  0]LogTemp:Display: Loaded TP MacServerTargetPlatform
[2017.08.15-20.56.59:633][  0]LogTemp:Display: Loaded TP MacTargetPlatform
[2017.08.15-20.56.59:680][  0]LogTemp:Display: Loaded TP WindowsClientTargetPlatform
[2017.08.15-20.56.59:728][  0]LogTemp:Display: Loaded TP WindowsNoEditorTargetPlatform
[2017.08.15-20.56.59:777][  0]LogTemp:Display: Loaded TP WindowsServerTargetPlatform
[2017.08.15-20.56.59:819][  0]LogTemp:Display: Loaded TP WindowsTargetPlatform
[2017.08.15-20.56.59:867][  0]LogTemp:Display: Loaded TP AndroidTargetPlatform
[2017.08.15-20.56.59:915][  0]LogTemp:Display: Loaded TP Android_ASTCTargetPlatform
[2017.08.15-20.56.59:982][  0]LogTemp:Display: Loaded TP Android_ATCTargetPlatform
[2017.08.15-20.57.00:034][  0]LogTemp:Display: Loaded TP Android_DXTTargetPlatform
[2017.08.15-20.57.00:081][  0]LogTemp:Display: Loaded TP Android_ETC1TargetPlatform
[2017.08.15-20.57.00:135][  0]LogTemp:Display: Loaded TP Android_ETC2TargetPlatform
[2017.08.15-20.57.00:229][  0]LogTemp:Display: Loaded TP Android_MultiTargetPlatform
[2017.08.15-20.57.00:229][  0]LogTemp:Display: Loaded TP Android_PVRTCTargetPlatform
[2017.08.15-20.57.00:267][  0]LogTemp:Display: Loaded TP HTML5TargetPlatform
[2017.08.15-20.57.00:357][  0]LogTemp:Display: Loaded TP IOSTargetPlatform
[2017.08.15-20.57.00:402][  0]LogTemp:Display: Loaded TP TVOSTargetPlatform
[2017.08.15-20.57.00:452][  0]LogTemp:Display: Loaded TP LinuxClientTargetPlatform
[2017.08.15-20.57.00:499][  0]LogTemp:Display: Loaded TP LinuxNoEditorTargetPlatform
[2017.08.15-20.57.00:546][  0]LogTemp:Display: Loaded TP LinuxServerTargetPlatform
[2017.08.15-20.57.00:595][  0]LogTemp:Display: Loaded TP LinuxTargetPlatform
[2017.08.15-20.57.00:596][  0]LogTargetPlatformManager:Display: Building Assets For Windows
[2017.08.15-20.57.01:099][  0]LogDerivedDataCache:Display: Max Cache Size: 512 MB
[2017.08.15-20.57.01:216][  0]LogDerivedDataCache: Loaded boot cache 0.12s 90MB C:/Users/0372346/AppData/Local/UnrealEngine/4.16/DerivedDataCache/Boot.ddc.
[2017.08.15-20.57.01:216][  0]LogDerivedDataCache:Display: Loaded Boot cache: C:/Users/0372346/AppData/Local/UnrealEngine/4.16/DerivedDataCache/Boot.ddc
[2017.08.15-20.57.01:216][  0]LogDerivedDataCache: FDerivedDataBackendGraph:  Pak pak cache file ../../../../../../Users/0372346/Desktop/LazyDay/DerivedDataCache/DDC.ddp not found, will not use a pak cache.
[2017.08.15-20.57.01:216][  0]LogDerivedDataCache: Unable to find inner node Pak for hierarchical cache Hierarchy.
[2017.08.15-20.57.01:216][  0]LogDerivedDataCache: FDerivedDataBackendGraph:  CompressedPak pak cache file ../../../../../../Users/0372346/Desktop/LazyDay/DerivedDataCache/Compressed.ddp not found, will not use a pak cache.
[2017.08.15-20.57.01:216][  0]LogDerivedDataCache: Unable to find inner node CompressedPak for hierarchical cache Hierarchy.
[2017.08.15-20.57.01:233][  0]LogDerivedDataCache:Display: Pak cache opened for reading ../../../Engine/DerivedDataCache/Compressed.ddp.
[2017.08.15-20.57.01:245][  0]LogDerivedDataCache: Using Local data cache path C:/Users/0372346/AppData/Local/UnrealEngine/Common/DerivedDataCache: Writable
[2017.08.15-20.57.01:262][  0]LogMaterial: Verifying Global Shaders for PCD3D_SM5
[2017.08.15-20.57.01:263][  0]LogSlate: Using Freetype 2.6.0
[2017.08.15-20.57.01:263][  0]LogSlate: SlateFontCache - WITH_FREETYPE: 1, WITH_HARFBUZZ: 1
[2017.08.15-20.57.01:263][  0]LogSlate: SlateFontCache - WITH_FREETYPE: 1, WITH_HARFBUZZ: 1
[2017.08.15-20.57.01:651][  0]LogInit: Selected Device Profile: [Windows]
[2017.08.15-20.57.01:780][  0]LogContentStreaming: Texture pool size is 0.00 MB
[2017.08.15-20.57.01:947][  0]LogMeshUtilities: Using QuadricMeshReduction for automatic static mesh reduction
[2017.08.15-20.57.01:988][  0]LogSimplygon: Simplygon DLL not present - disabling.
[2017.08.15-20.57.02:032][  0]LogMeshUtilities: Using SimplygonSwarm for distributed automatic mesh merging
[2017.08.15-20.57.02:032][  0]LogMeshUtilities: No automatic skeletal mesh reduction module available
[2017.08.15-20.57.02:032][  0]LogMeshUtilities: No automatic mesh merging module available
[2017.08.15-20.57.02:599][  0]LogNetVersion: LazyDay , NetCL: 3452394, EngineNetVer: 2, GameNetVer: 0 (Checksum: 2085323071)
[2017.08.15-20.57.02:658][  0]LogAssetRegistry: FAssetRegistry took 0.0251 seconds to start up
[2017.08.15-20.57.02:716][  0]LogPackageLocalizationCache: Processed 4 localized package path(s) for 2 prioritized culture(s) in 0.032862 seconds
[2017.08.15-20.57.02:721][  0]LogUObjectArray: 34194 objects as part of root set at end of initial load.
[2017.08.15-20.57.02:721][  0]LogUObjectAllocator: 7260424 out of 0 bytes used by permanent object pool.
[2017.08.15-20.57.02:721][  0]LogUObjectArray: CloseDisregardForGC: 0/0 objects in disregard for GC pool
[2017.08.15-20.57.02:787][  0]LogInit: WinSock: version 1.1 (2.2), MaxSocks=32767, MaxUdp=65467
[2017.08.15-20.57.05:077][  0]LogTcpMessaging: Initializing TcpMessaging bridge
[2017.08.15-20.57.05:121][  0]LogUdpMessaging: Initializing bridge on interface 0.0.0.0:0 to multicast group 230.0.0.1:6666.
[2017.08.15-20.57.05:617][  0]LogMaterial: Uniform references updated for custom material expression Custom.
[2017.08.15-20.57.06:017][  0]SourceControl: Info Source control is disabled
[2017.08.15-20.57.06:020][  0]SourceControl: Info Source control is disabled
[2017.08.15-20.57.06:070][  0]SourceControl: Info Source control is disabled
[2017.08.15-20.57.06:115][  0]SourceControl: Info Source control is disabled
[2017.08.15-20.57.06:846][  0]LogAndroidPermission: UAndroidPermissionCallbackProxy::GetInstance
[2017.08.15-20.57.07:481][  0]LogEngine: Initializing Engine...
[2017.08.15-20.57.07:481][  0]LogHMD: Failed to initialize OpenVR with code 110
[2017.08.15-20.57.07:752][  0]LogStats: UGameplayTagsManager::ConstructGameplayTagTree: Construct from data asset -  0.000 s
[2017.08.15-20.57.07:752][  0]LogStats: UGameplayTagsManager::ConstructGameplayTagTree: GameplayTagTreeChangedEvent.Broadcast -  0.000 s
[2017.08.15-20.57.07:878][  0]LogAIModule: Creating AISystem for world Untitled
[2017.08.15-20.57.07:885][  0]LogInit: XAudio2 using 'Speakers (Realtek High Definition Audio)' : 2 channels at 48 kHz using 32 bits per sample (channel mask 0x3)
[2017.08.15-20.57.07:908][  0]LogInit: FAudioDevice initialized.
[2017.08.15-20.57.07:957][  0]LogDerivedDataCache: Saved boot cache 0.05s 90MB C:/Users/0372346/AppData/Local/UnrealEngine/4.16/DerivedDataCache/Boot.ddc.
[2017.08.15-20.57.07:977][  0]LogInit: Texture streaming: Enabled
[2017.08.15-20.57.08:070][  0]LogEngineSessionManager: EngineSessionManager initialized
[2017.08.15-20.57.08:281][  0]LogInit: Transaction tracking system initialized
[2017.08.15-20.57.08:620][  0]BlueprintLog: New page: Editor Load
[2017.08.15-20.57.09:627][  0]LocalizationService: Info Localization service is disabled
[2017.08.15-20.57.10:345][  0]LogConsoleResponse:Display: 
[2017.08.15-20.57.10:497][  0]LogCook:Display: Max memory allowance for cook 16384mb min free memory 0mb
[2017.08.15-20.57.10:497][  0]LogCook:Display: Mobile HDR setting 1
[2017.08.15-20.57.10:635][  0]LogFileCache: Scanning file cache for directory 'C:/Users/0372346/Desktop/LazyDay/Content/' took 0.01s
[2017.08.15-20.57.11:513][  0]SourceControl: Info Source control is disabled
[2017.08.15-20.57.11:513][  0]Cmd: MAP LOAD FILE="../../../../../../Users/0372346/Desktop/LazyDay/Content/FirstPersonBP/Maps/FirstPersonExampleMap.umap" TEMPLATE=0 SHOWPROGRESS=1 FEATURELEVEL=3
[2017.08.15-20.57.11:513][  0]LightingResults: New page: Lighting Build
[2017.08.15-20.57.11:553][  0]MapCheck: New page: Map Check
[2017.08.15-20.57.11:553][  0]LightingResults: New page: Lighting Build
[2017.08.15-20.57.12:118][  0]LogAIModule: Creating AISystem for world FirstPersonExampleMap
[2017.08.15-20.57.12:129][  0]LogEditorServer: Finished looking for orphan Actors (0.000 secs)
[2017.08.15-20.57.12:147][  0]Cmd: MAP CHECKDEP NOCLEARLOG
[2017.08.15-20.57.12:203][  0]MapCheck: Info Map check complete: 0 Error(s), 0 Warning(s), took 55.951ms to complete.
[2017.08.15-20.57.12:203][  0]LogFileHelpers: Loading map 'FirstPersonExampleMap' took 0.690
[2017.08.15-20.57.12:273][  0]LogWindowsTextInputMethodSystem:Display: IME system now deactivated.
[2017.08.15-20.57.12:382][  0]LogCollectionManager: Loaded 0 collections in 0.001511 seconds
[2017.08.15-20.57.12:496][  0]LogFileCache: Scanning file cache for directory 'C:/Users/0372346/Desktop/LazyDay/Saved/Collections/' took 0.01s
[2017.08.15-20.57.12:496][  0]LogFileCache: Scanning file cache for directory 'C:/Users/0372346/Desktop/LazyDay/Content/Developers/0372346/Collections/' took 0.01s
[2017.08.15-20.57.12:496][  0]LogFileCache: Scanning file cache for directory 'C:/Users/0372346/Desktop/LazyDay/Content/Collections/' took 0.01s
[2017.08.15-20.57.12:496][  0]LogCollectionManager: Rebuilt the GUID cache for 0 collections in 0.000002 seconds
[2017.08.15-20.57.12:506][  0]LogContentBrowser: Native class hierarchy populated in 0.0090 seconds. Added 2329 classes and 491 folders.
[2017.08.15-20.57.12:570][  0]LogContentBrowser: Native class hierarchy updated for 'WidgetCarousel' in 0.0006 seconds. Added 0 classes and 0 folders.
[2017.08.15-20.57.12:605][  0]LogContentBrowser: Native class hierarchy updated for 'AddContentDialog' in 0.0005 seconds. Added 0 classes and 0 folders.
[2017.08.15-20.57.12:647][  0]LogContentBrowser: Native class hierarchy updated for 'SceneOutliner' in 0.0006 seconds. Added 1 classes and 2 folders.
[2017.08.15-20.57.12:684][  0]LogCrashTracker: Crashtracker disabled due to settings.
[2017.08.15-20.57.12:689][  0]LogSlate: Took 0.000350 seconds to synchronously load lazily loaded font '../../../Engine/Content/Slate/Fonts/Roboto-Regular.ttf' (155K)
[2017.08.15-20.57.12:693][  0]LogSlate: Took 0.000317 seconds to synchronously load lazily loaded font '../../../Engine/Content/Slate/Fonts/Roboto-Bold.ttf' (160K)
[2017.08.15-20.57.12:702][  0]LogSlate: Took 0.000280 seconds to synchronously load lazily loaded font '../../../Engine/Content/Editor/Slate/Fonts/FontAwesome.ttf' (139K)
[2017.08.15-20.57.12:797][  0]LogRenderer: Reallocating scene render targets to support 1208x576 NumSamples 1 (Frame:1).
[2017.08.15-20.57.13:007][  0]LogContentBrowser: Native class hierarchy updated for 'HierarchicalLODOutliner' in 0.0006 seconds. Added 1 classes and 2 folders.
[2017.08.15-20.57.13:007][  0]LogLoad: (Engine Initialization) Total time: 17.24 seconds
[2017.08.15-20.57.13:007][  0]LogLoad: (Engine Initialization) Total Blueprint compile time: 0.15 seconds
[2017.08.15-20.57.13:007][  0]LogExternalProfiler: No external profilers were discovered.  External profiling features will not be available.
[2017.08.15-20.57.13:017][  0]LogOcInput: OculusInput pre-init called
[2017.08.15-20.57.13:017][  0]LogHMD: Starting GearVRController plugin
[2017.08.15-20.57.13:044][  0]LogContentStreaming: Texture pool size now 1000 MB
[2017.08.15-20.57.13:084][  0]LogSlate: Took 0.000243 seconds to synchronously load lazily loaded font '../../../Engine/Content/Slate/Fonts/Roboto-Light.ttf' (159K)
[2017.08.15-20.57.13:097][  1]LogAssetRegistry: Asset discovery search completed in 10.4614 seconds
[2017.08.15-20.57.13:100][  1]LogCollectionManager: Rebuilt the object cache for 0 collections in 0.000001 seconds (found 0 objects)
[2017.08.15-20.57.13:100][  1]LogCollectionManager: Fixed up redirectors for 0 collections in 0.000211 seconds (updated 0 objects)
[2017.08.15-20.57.41:188][318]LogEditorViewport: Clicking on Actor (LMB): StaticMeshActor (Floor)
[2017.08.15-20.57.41:521][337]LogEditorViewport: Clicking on Component (LMB): StaticMeshComponent (StaticMeshComponent0)
[2017.08.15-20.57.42:124][405]LogEditorViewport: Clicking on Actor (LMB): PostProcessVolume (PostProcessVolume)
[2017.08.15-20.57.42:647][454]Cmd: DELETE
[2017.08.15-20.57.42:647][454]Cmd: ACTOR DELETE
[2017.08.15-20.57.42:654][454]LogEditorActor: Deleted Actor: PostProcessVolume
[2017.08.15-20.57.42:676][454]LogEditorActor: Deleted 1 Actors (0.027 secs)
[2017.08.15-20.57.43:460][546]LogEditorViewport: Clicking on Actor (LMB): LightmassImportanceVolume (LightmassImportanceVolume)
[2017.08.15-20.57.44:733][693]Cmd: TRANSACTION UNDO
[2017.08.15-20.57.44:733][693]LogEditorTransaction: Undo Clicking on Actors
[2017.08.15-20.57.44:747][693]LogSlate: Took 0.000302 seconds to synchronously load lazily loaded font '../../../Engine/Content/Slate/Fonts/Roboto-Light.ttf' (159K)
[2017.08.15-20.57.45:381][769]Cmd: TRANSACTION UNDO
[2017.08.15-20.57.45:381][769]LogEditorTransaction: Undo Delete Actors
[2017.08.15-20.57.46:860][934]LogEditorViewport: Clicking on Actor (LMB): PostProcessVolume (PostProcessVolume)
[2017.08.15-20.57.48:693][152]Cmd: DELETE
[2017.08.15-20.57.48:693][152]Cmd: ACTOR DELETE
[2017.08.15-20.57.48:693][152]LogEditorActor: Deleted Actor: PostProcessVolume
[2017.08.15-20.57.48:702][152]LogEditorActor: Deleted 1 Actors (0.010 secs)
[2017.08.15-20.57.49:930][299]Cmd: TRANSACTION UNDO
[2017.08.15-20.57.49:930][299]LogEditorTransaction: Undo Delete Actors
[2017.08.15-20.57.50:593][359]LogEditorViewport: Clicking on Actor (LMB): PostProcessVolume (PostProcessVolume)
[2017.08.15-20.57.57:894][218]Cmd: DELETE
[2017.08.15-20.57.57:894][218]Cmd: ACTOR DELETE
[2017.08.15-20.57.57:894][218]LogEditorActor: Deleted Actor: PostProcessVolume
[2017.08.15-20.57.57:907][218]LogEditorActor: Deleted 1 Actors (0.013 secs)
[2017.08.15-20.57.59:197][343]LogEditorViewport: Clicking on Actor (LMB): LightmassImportanceVolume (LightmassImportanceVolume)
[2017.08.15-20.57.59:533][379]Cmd: DELETE
[2017.08.15-20.57.59:533][379]Cmd: ACTOR DELETE
[2017.08.15-20.57.59:534][379]LogEditorActor: Deleted Actor: LightmassImportanceVolume
[2017.08.15-20.57.59:541][379]LogEditorActor: Deleted 1 Actors (0.008 secs)
[2017.08.15-20.58.01:280][582]Cmd: TRANSACTION UNDO
[2017.08.15-20.58.01:281][582]LogEditorTransaction: Undo Delete Actors
[2017.08.15-20.58.01:591][600]Cmd: TRANSACTION UNDO
[2017.08.15-20.58.01:591][600]LogEditorTransaction: Undo Clicking on Actors
[2017.08.15-20.58.04:033][876]Cmd: TRANSACTION UNDO
[2017.08.15-20.58.04:033][876]LogEditorTransaction: Undo Delete Actors
[2017.08.15-20.58.14:772][ 48]Cmd: DELETE
[2017.08.15-20.58.14:772][ 48]Cmd: ACTOR DELETE
[2017.08.15-20.58.14:773][ 48]LogEditorActor: Deleted Actor: PostProcessVolume
[2017.08.15-20.58.14:787][ 48]LogEditorActor: Deleted 1 Actors (0.015 secs)
[2017.08.15-20.58.15:323][108]LogEditorViewport: Clicking on Actor (LMB): LightmassImportanceVolume (LightmassImportanceVolume)
[2017.08.15-20.58.15:693][145]Cmd: DELETE
[2017.08.15-20.58.15:693][145]Cmd: ACTOR DELETE
[2017.08.15-20.58.15:694][145]LogEditorActor: Deleted Actor: LightmassImportanceVolume
[2017.08.15-20.58.15:711][145]LogEditorActor: Deleted 1 Actors (0.018 secs)
[2017.08.15-20.58.18:697][471]LogEditorViewport: Clicking on Actor (LMB): StaticMeshActor (BigWall2)
[2017.08.15-20.58.19:037][492]Cmd: DELETE
[2017.08.15-20.58.19:037][492]Cmd: ACTOR DELETE
[2017.08.15-20.58.19:038][492]LogEditorActor: Deleted Actor: StaticMeshActor
[2017.08.15-20.58.19:052][492]LogEditorActor: Deleted 1 Actors (0.015 secs)
[2017.08.15-20.58.19:651][562]LogEditorViewport: Clicking on Actor (LMB): StaticMeshActor (BigWall)
[2017.08.15-20.58.19:922][588]Cmd: DELETE
[2017.08.15-20.58.19:922][588]Cmd: ACTOR DELETE
[2017.08.15-20.58.19:923][588]LogEditorActor: Deleted Actor: StaticMeshActor
[2017.08.15-20.58.19:936][588]LogEditorActor: Deleted 1 Actors (0.014 secs)
[2017.08.15-20.58.21:441][767]LogEditorViewport: Clicking on Actor (LMB): StaticMeshActor (EditorCube11)
[2017.08.15-20.58.21:936][820]Cmd: DELETE
[2017.08.15-20.58.21:936][820]Cmd: ACTOR DELETE
[2017.08.15-20.58.21:936][820]LogEditorActor: Deleted Actor: StaticMeshActor
[2017.08.15-20.58.21:947][820]LogEditorActor: Deleted 1 Actors (0.011 secs)
[2017.08.15-20.58.22:477][883]LogEditorViewport: Clicking on Actor (LMB): StaticMeshActor (EditorCube8)
[2017.08.15-20.58.22:707][901]Cmd: DELETE
[2017.08.15-20.58.22:707][901]Cmd: ACTOR DELETE
[2017.08.15-20.58.22:708][901]LogEditorActor: Deleted Actor: StaticMeshActor
[2017.08.15-20.58.22:721][901]LogEditorActor: Deleted 1 Actors (0.014 secs)
[2017.08.15-20.58.23:162][953]LogEditorViewport: Clicking on Actor (LMB): StaticMeshActor (EditorCube9)
[2017.08.15-20.58.23:260][959]Cmd: DELETE
[2017.08.15-20.58.23:260][959]Cmd: ACTOR DELETE
[2017.08.15-20.58.23:261][959]LogEditorActor: Deleted Actor: StaticMeshActor
[2017.08.15-20.58.23:269][959]LogEditorActor: Deleted 1 Actors (0.008 secs)
[2017.08.15-20.58.23:711][ 11]LogEditorViewport: Clicking on Actor (LMB): StaticMeshActor (EditorCube10)
[2017.08.15-20.58.23:854][ 23]Cmd: DELETE
[2017.08.15-20.58.23:854][ 23]Cmd: ACTOR DELETE
[2017.08.15-20.58.23:854][ 23]LogEditorActor: Deleted Actor: StaticMeshActor
[2017.08.15-20.58.23:870][ 23]LogEditorActor: Deleted 1 Actors (0.016 secs)
[2017.08.15-20.58.24:209][ 63]LogEditorViewport: Clicking on Actor (LMB): StaticMeshActor (EditorCube14)
[2017.08.15-20.58.24:319][ 71]Cmd: DELETE
[2017.08.15-20.58.24:319][ 71]Cmd: ACTOR DELETE
[2017.08.15-20.58.24:320][ 71]LogEditorActor: Deleted Actor: StaticMeshActor
[2017.08.15-20.58.24:331][ 71]LogEditorActor: Deleted 1 Actors (0.011 secs)
[2017.08.15-20.58.24:578][100]LogEditorViewport: Clicking on Actor (LMB): StaticMeshActor (EditorCube13)
[2017.08.15-20.58.24:747][113]Cmd: DELETE
[2017.08.15-20.58.24:747][113]Cmd: ACTOR DELETE
[2017.08.15-20.58.24:747][113]LogEditorActor: Deleted Actor: StaticMeshActor
[2017.08.15-20.58.24:756][113]LogEditorActor: Deleted 1 Actors (0.009 secs)
[2017.08.15-20.58.25:045][147]LogEditorViewport: Clicking on Actor (LMB): StaticMeshActor (EditorCube12)
[2017.08.15-20.58.25:149][154]Cmd: DELETE
[2017.08.15-20.58.25:149][154]Cmd: ACTOR DELETE
[2017.08.15-20.58.25:149][154]LogEditorActor: Deleted Actor: StaticMeshActor
[2017.08.15-20.58.25:157][154]LogEditorActor: Deleted 1 Actors (0.008 secs)
[2017.08.15-20.58.26:449][306]LogEditorViewport: Clicking on Actor (LMB): StaticMeshActor (EditorCube17)
[2017.08.15-20.58.26:595][318]Cmd: DELETE
[2017.08.15-20.58.26:595][318]Cmd: ACTOR DELETE
[2017.08.15-20.58.26:596][318]LogEditorActor: Deleted Actor: StaticMeshActor
[2017.08.15-20.58.26:605][318]LogEditorActor: Deleted 1 Actors (0.010 secs)
[2017.08.15-20.58.26:910][354]LogEditorViewport: Clicking on Actor (LMB): StaticMeshActor (EditorCube15)
[2017.08.15-20.58.27:082][367]Cmd: DELETE
[2017.08.15-20.58.27:082][367]Cmd: ACTOR DELETE
[2017.08.15-20.58.27:083][367]LogEditorActor: Deleted Actor: StaticMeshActor
[2017.08.15-20.58.27:097][367]LogEditorActor: Deleted 1 Actors (0.014 secs)
[2017.08.15-20.58.27:343][396]LogEditorViewport: Clicking on Actor (LMB): StaticMeshActor (EditorCube16)
[2017.08.15-20.58.27:524][408]Cmd: DELETE
[2017.08.15-20.58.27:524][408]Cmd: ACTOR DELETE
[2017.08.15-20.58.27:524][408]LogEditorActor: Deleted Actor: StaticMeshActor
[2017.08.15-20.58.27:542][408]LogEditorActor: Deleted 1 Actors (0.018 secs)
[2017.08.15-20.58.27:844][443]LogEditorViewport: Clicking on Actor (LMB): StaticMeshActor (EditorCube21)
[2017.08.15-20.58.27:995][453]Cmd: DELETE
[2017.08.15-20.58.27:995][453]Cmd: ACTOR DELETE
[2017.08.15-20.58.27:995][453]LogEditorActor: Deleted Actor: StaticMeshActor
[2017.08.15-20.58.28:011][453]LogEditorActor: Deleted 1 Actors (0.017 secs)
[2017.08.15-20.58.28:270][482]LogEditorViewport: Clicking on Actor (LMB): StaticMeshActor (EditorCube20)
[2017.08.15-20.58.28:479][499]Cmd: DELETE
[2017.08.15-20.58.28:479][499]Cmd: ACTOR DELETE
[2017.08.15-20.58.28:479][499]LogEditorActor: Deleted Actor: StaticMeshActor
[2017.08.15-20.58.28:494][499]LogEditorActor: Deleted 1 Actors (0.015 secs)
[2017.08.15-20.58.28:965][555]LogEditorViewport: Clicking on Actor (LMB): StaticMeshActor (EditorCube19)
[2017.08.15-20.58.29:142][570]Cmd: DELETE
[2017.08.15-20.58.29:142][570]Cmd: ACTOR DELETE
[2017.08.15-20.58.29:143][570]LogEditorActor: Deleted Actor: StaticMeshActor
[2017.08.15-20.58.29:159][570]LogEditorActor: Deleted 1 Actors (0.016 secs)
[2017.08.15-20.58.29:421][600]LogEditorViewport: Clicking on Actor (LMB): StaticMeshActor (EditorCube18)
[2017.08.15-20.58.29:649][621]Cmd: DELETE
[2017.08.15-20.58.29:649][621]Cmd: ACTOR DELETE
[2017.08.15-20.58.29:650][621]LogEditorActor: Deleted Actor: StaticMeshActor
[2017.08.15-20.58.29:661][621]LogEditorActor: Deleted 1 Actors (0.011 secs)
[2017.08.15-20.58.30:376][704]LogEditorViewport: Clicking on Actor (LMB): SphereReflectionCapture (SphereReflectionCapture)
[2017.08.15-20.58.30:696][736]Cmd: DELETE
[2017.08.15-20.58.30:696][736]Cmd: ACTOR DELETE
[2017.08.15-20.58.30:696][736]LogEditorActor: Deleted Actor: SphereReflectionCapture
[2017.08.15-20.58.30:709][736]LogEditorActor: Deleted 1 Actors (0.013 secs)
[2017.08.15-20.58.32:565][954]Cmd: TRANSACTION UNDO
[2017.08.15-20.58.32:565][954]LogEditorTransaction: Undo Delete Actors
[2017.08.15-20.58.39:632][757]Cmd: DELETE
[2017.08.15-20.58.39:632][757]Cmd: ACTOR DELETE
[2017.08.15-20.58.39:633][757]LogEditorActor: Deleted Actor: SphereReflectionCapture
[2017.08.15-20.58.39:640][757]LogEditorActor: Deleted 1 Actors (0.008 secs)
[2017.08.15-20.58.39:974][797]LogEditorViewport: Clicking on Actor (LMB): AtmosphericFog (AtmosphericFog)
[2017.08.15-20.58.40:876][899]Cmd: DELETE
[2017.08.15-20.58.40:876][899]Cmd: ACTOR DELETE
[2017.08.15-20.58.40:877][899]LogEditorActor: Deleted Actor: AtmosphericFog
[2017.08.15-20.58.40:911][899]LogEditorActor: Deleted 1 Actors (0.034 secs)
[2017.08.15-20.58.42:117][ 42]Cmd: TRANSACTION UNDO
[2017.08.15-20.58.42:117][ 42]LogEditorTransaction: Undo Delete Actors
[2017.08.15-20.58.43:768][222]Cmd: DELETE
[2017.08.15-20.58.43:768][222]Cmd: ACTOR DELETE
[2017.08.15-20.58.43:771][222]LogEditorActor: Deleted Actor: AtmosphericFog
[2017.08.15-20.58.43:784][222]LogEditorActor: Deleted 1 Actors (0.014 secs)
[2017.08.15-20.58.45:483][424]Cmd: TRANSACTION UNDO
[2017.08.15-20.58.45:483][424]LogEditorTransaction: Undo Delete Actors
[2017.08.15-20.59.03:944][553]Cmd: TRANSACTION UNDO
[2017.08.15-20.59.03:944][553]LogEditorTransaction: Undo Edit Sun Multiplier
[2017.08.15-20.59.07:019][900]Cmd: DELETE
[2017.08.15-20.59.07:019][900]Cmd: ACTOR DELETE
[2017.08.15-20.59.07:022][900]LogEditorActor: Deleted Actor: AtmosphericFog
[2017.08.15-20.59.07:041][900]LogEditorActor: Deleted 1 Actors (0.020 secs)
[2017.08.15-20.59.08:000][ 13]Cmd: TRANSACTION UNDO
[2017.08.15-20.59.08:000][ 13]LogEditorTransaction: Undo Delete Actors
[2017.08.15-20.59.13:352][626]Cmd: DELETE
[2017.08.15-20.59.13:352][626]Cmd: ACTOR DELETE
[2017.08.15-20.59.13:354][626]LogEditorActor: Deleted Actor: AtmosphericFog
[2017.08.15-20.59.13:366][626]LogEditorActor: Deleted 1 Actors (0.013 secs)
[2017.08.15-20.59.17:024][ 24]LogEditorViewport: Clicking on Actor (LMB): DirectionalLight (Light Source)
[2017.08.15-20.59.31:146][663]LogEditorViewport: Clicking on Actor (LMB): DirectionalLight (Light Source)
[2017.08.15-20.59.33:571][937]LogEditorViewport: Clicking on Actor (LMB): StaticMeshActor (Floor)
[2017.08.15-20.59.42:560][941]LogEditorViewport: Clicking on Actor (LMB): DirectionalLight (Light Source)
[2017.08.15-20.59.47:719][516]LogEditorViewport: Clicking on Actor (LMB): FirstPersonCharacter_C (FirstPersonCharacter)
[2017.08.15-20.59.50:107][733]LogEditorViewport: Clicking on Actor (LMB): TextRenderActor (TemplateLabel)
[2017.08.15-20.59.50:724][784]Cmd: DELETE
[2017.08.15-20.59.50:724][784]Cmd: ACTOR DELETE
[2017.08.15-20.59.50:725][784]LogEditorActor: Deleted Actor: TextRenderActor
[2017.08.15-20.59.50:735][784]LogEditorActor: Deleted 1 Actors (0.011 secs)
[2017.08.15-20.59.51:133][831]LogEditorViewport: Clicking on Actor (LMB): PlayerStart (NetworkPlayerStart)
[2017.08.15-20.59.51:615][885]LogNavigationPoint: PostEditMove Clear paths rebuilt
[2017.08.15-20.59.51:722][896]Cmd: DELETE
[2017.08.15-20.59.51:722][896]Cmd: ACTOR DELETE
[2017.08.15-20.59.51:723][896]LogEditorActor: Deleted Actor: PlayerStart
[2017.08.15-20.59.51:737][896]LogEditorActor: Deleted 1 Actors (0.015 secs)
[2017.08.15-21.00.24:197][721]MapCheck: New page: Map Check
[2017.08.15-21.00.24:217][721]Cmd: MAP REBUILD ALLVISIBLE
[2017.08.15-21.00.24:220][721]LogEditorServer: Rebuildmap Clear paths rebuilt
[2017.08.15-21.00.24:319][721]LogMaterial: Missing cached shader map for material FDebugViewModeMaterialProxy WorldGridMaterial, compiling. Is special engine material.
[2017.08.15-21.00.24:327][721]LogMaterial: Missing cached shader map for material FDebugViewModeMaterialProxy MaterialInstanceDynamic_1, compiling. 
[2017.08.15-21.00.24:333][721]LogMaterial: Missing cached shader map for material FDebugViewModeMaterialProxy CubeMaterial, compiling. 
[2017.08.15-21.00.24:339][721]LogMaterial: Missing cached shader map for material FDebugViewModeMaterialProxy M_FPGun, compiling. 
[2017.08.15-21.00.24:348][721]LogMaterial: Missing cached shader map for material FDebugViewModeMaterialProxy M_UE4Man_Body, compiling. 
[2017.08.15-21.00.24:356][721]LogMaterial: Missing cached shader map for material FDebugViewModeMaterialProxy MatineeCam_mat, compiling. 
[2017.08.15-21.00.25:128][721]TextureStreamingBuild:Display: Compiling optional shaders took 0.816 seconds.
[2017.08.15-21.00.25:167][721]LogLevel:Display: Export Material TexCoord Scales took 0.039 seconds.
[2017.08.15-21.00.25:173][721]TextureStreamingBuild:Display: Build Texture Streaming took 0.005 seconds.
[2017.08.15-21.00.25:182][721]LightingResults: New page: Lighting Build - Aug 15, 2017, 7:00:25 AM
[2017.08.15-21.00.25:236][721]LogSwarmInterface: [OpenConnection] Registering TCP channel ...
[2017.08.15-21.00.25:282][721]LogSwarmInterface: [OpenConnection] Connecting to agent ...
[2017.08.15-21.00.25:300][721]LogSwarmInterface: [TryOpenConnection] Testing the Agent
[2017.08.15-21.00.25:827][721]LogSwarmInterface: [TryOpenConnection] Opening Connection to Agent
[2017.08.15-21.00.25:827][721]LogSwarmInterface: [TryOpenConnection] Local Process ID is 10780
[2017.08.15-21.00.28:459][721]LogStaticLightingSystem:Warning: No importance volume found, so the scene bounding box was used.  You can optimize your scene's quality and lighting build times by adding importance volumes.
[2017.08.15-21.00.28:460][721]LogStaticLightingSystem: Running Lightmass w/ ImmediateImport mode ENABLED
[2017.08.15-21.00.28:460][721]LogStaticLightingSystem: Running Lightmass w/ ImmediateProcess mode ENABLED
[2017.08.15-21.00.28:460][721]LogStaticLightingSystem: Running Lightmass w/ Sorting mode ENABLED
[2017.08.15-21.00.28:460][721]LogStaticLightingSystem: Running Lightmass w/ Mapping paddings ENABLED
[2017.08.15-21.00.28:460][721]LogStaticLightingSystem: Running Lightmass w/ Mapping debug paddings DISABLED
[2017.08.15-21.00.28:756][721]Cmd: MAP CHECK DONTDISPLAYDIALOG
[2017.08.15-21.00.28:757][721]MapCheck: New page: FirstPersonExampleMap - Aug 15, 2017, 7:00:28 AM
[2017.08.15-21.00.28:765][721]MapCheck:Warning: Performance Warning Floor_16 Large actor receives a pre-shadow and will cause an extreme performance hit unless bCastDynamicShadow is set to false. 
[2017.08.15-21.00.28:766][721]MapCheck:Error: Error WorldInfo_0 Maps need lighting rebuilt 
[2017.08.15-21.00.28:851][721]MapCheck: Info Map check complete: 1 Error(s), 1 Warning(s), took 94.566ms to complete.
[2017.08.15-21.00.28:873][721]LogEditorBuildUtils: Build time 0:04
[2017.08.15-21.00.28:905][721]LogMaterial: Missing cached shader map for material FLightmassMaterialRenderer MaterialInstanceDynamic_1, compiling. 
[2017.08.15-21.00.28:919][721]LogMaterial: Missing cached shader map for material FLightmassMaterialRenderer MaterialInstanceDynamic_1, compiling. 
[2017.08.15-21.00.29:002][722]LogMaterial: Missing cached shader map for material FLightmassMaterialRenderer CubeMaterial, compiling. 
[2017.08.15-21.00.29:010][722]LogMaterial: Missing cached shader map for material FLightmassMaterialRenderer CubeMaterial, compiling. 
[2017.08.15-21.00.29:043][723]LogMaterial: Missing cached shader map for material FLightmassMaterialRenderer WorldGridMaterial, compiling. Is special engine material.
[2017.08.15-21.00.29:053][723]LogMaterial: Missing cached shader map for material FLightmassMaterialRenderer WorldGridMaterial, compiling. Is special engine material.
[2017.08.15-21.00.52:944][698]LogEditorViewport: Clicking on Actor (LMB): SkyLight (SkyLight)
[2017.08.15-21.01.03:928][708]Job is a success!
[2017.08.15-21.01.03:950][709]LogSlate: Took 0.000153 seconds to synchronously load lazily loaded font '../../../Engine/Content/Slate/Fonts/Roboto-Light.ttf' (159K)
[2017.08.15-21.01.05:582][709]LogTexture:Display: Building textures: SkyOcclusion1_1 (AutoDXT, 2048X1024)
[2017.08.15-21.01.05:582][709]LogTexture:Display: Building textures: HQ_Lightmap1_1 (AutoDXT, 2048X2048)
[2017.08.15-21.01.05:582][709]LogTexture:Display: Building textures: LQ_Lightmap_1_1 (DXT1, 2048X2048)
[2017.08.15-21.01.05:582][709]LogTexture:Display: Building textures: SkyOcclusion1_2 (AutoDXT, 2048X1024)
[2017.08.15-21.01.05:582][709]LogTexture:Display: Building textures: HQ_Lightmap1_2 (AutoDXT, 2048X2048)
[2017.08.15-21.01.05:582][709]LogTexture:Display: Building textures: LQ_Lightmap_1_2 (DXT1, 2048X2048)
[2017.08.15-21.01.05:582][709]LogTexture:Display: Building textures: SkyOcclusion1_3 (AutoDXT, 64X32)
[2017.08.15-21.01.05:582][709]LogTexture:Display: Building textures: HQ_Lightmap1_3 (AutoDXT, 64X64)
[2017.08.15-21.01.05:582][709]LogTexture:Display: Building textures: LQ_Lightmap_1_3 (DXT1, 64X64)
[2017.08.15-21.01.05:982][709]LogTexture:Display: Building textures: ShadowMapTexture2D_9 (G8, 1024X1024)
[2017.08.15-21.01.05:982][709]LogTexture:Display: Building textures: ShadowMapTexture2D_10 (G8, 1024X1024)
[2017.08.15-21.01.05:982][709]LogTexture:Display: Building textures: ShadowMapTexture2D_12 (G8, 32X32)
[2017.08.15-21.01.05:982][709]LogTexture:Display: Building textures: ShadowMapTexture2D_8 (G8, 1024X1024)
[2017.08.15-21.01.06:130][709]LogTexture:Display: Building textures: ShadowMapTexture2D_11 (G8, 1024X1024)
[2017.08.15-21.01.06:189][709]Lightmass on LCIVAN-235-18: 34.2 sec total, 103 ms importing, 22 ms setup, 3.06 sec photons, 31.0 sec processing, 0 ms extra exporting [5/5 mappings]. Threads: 3:36 min total, 1:22 min processing.
[2017.08.15-21.01.06:221][709]LogStaticLightingSystem: Illumination: 41.0 sec (1.38 sec encoding lightmaps, 541 ms encoding shadowmaps)
[2017.08.15-21.01.06:221][709]LogStaticLightingSystem: Lightmap texture memory:  21.3 MB (21.3 MB streaming, 0.0 MB non-streaming), 6 textures
[2017.08.15-21.01.06:221][709]LogStaticLightingSystem: Shadowmap texture memory: 5.3 MB (5.3 MB streaming, 0.0 MB non-streaming), 5 textures
[2017.08.15-21.01.06:461][709]DumpUnbuiltLightIteractions
[2017.08.15-21.01.06:461][709]Lights with unbuilt interactions: 0
[2017.08.15-21.01.06:461][709]
[2017.08.15-21.01.06:461][709]Primitives with unbuilt interactions: 0
[2017.08.15-21.01.06:472][710]Cmd: MAP CHECK NOTIFYRESULTS
[2017.08.15-21.01.06:472][710]MapCheck: New page: FirstPersonExampleMap - Aug 15, 2017, 7:01:06 AM
[2017.08.15-21.01.06:472][710]MapCheck:Warning: Performance Warning Floor_16 Large actor receives a pre-shadow and will cause an extreme performance hit unless bCastDynamicShadow is set to false. 
[2017.08.15-21.01.06:539][710]MapCheck: Info Map check complete: 0 Error(s), 1 Warning(s), took 67.674ms to complete.
[2017.08.15-21.04.20:579][ 55]LogSavePackage: Save=91.62ms
[2017.08.15-21.04.20:579][ 55]LogSavePackage: Moving '../../../../../../Users/0372346/Desktop/LazyDay/Saved/FirstPersonExampleMap957758444F1B43D1F8C7E596FF81BA4E.tmp' to '../../../../../../Users/0372346/Desktop/LazyDay/Content/FirstPersonBP/Maps/FirstPersonExampleMap.umap'
[2017.08.15-21.04.20:586][ 55]LogSavePackage:Display: Finished SavePackage ../../../../../../Users/0372346/Desktop/LazyDay/Content/FirstPersonBP/Maps/FirstPersonExampleMap.umap
[2017.08.15-21.04.20:639][ 55]LogFileHelpers: Saving map 'FirstPersonExampleMap' took 0.250
[2017.08.15-21.04.21:014][ 55]LogSavePackage: Save=357.39ms
[2017.08.15-21.04.21:014][ 55]LogSavePackage: Moving '../../../../../../Users/0372346/Desktop/LazyDay/Saved/FirstPersonExampleMap_BuiltDataBC4441B94841DDE66036DEBADB2E703E.tmp' to '../../../../../../Users/0372346/Desktop/LazyDay/Content/FirstPersonBP/Maps/FirstPersonExampleMap_BuiltData.uasset'
[2017.08.15-21.04.21:018][ 55]LogSavePackage:Display: Finished SavePackage ../../../../../../Users/0372346/Desktop/LazyDay/Content/FirstPersonBP/Maps/FirstPersonExampleMap_BuiltData.uasset
[2017.08.15-21.04.22:104][158]Cmd: QUIT_EDITOR
[2017.08.15-21.04.22:124][158]LogWindowsTextInputMethodSystem:Display: IME system now deactivated.
[2017.08.15-21.04.22:133][158]LogExit: Preparing to exit.
[2017.08.15-21.04.22:398][158]LogDirectoryWatcher: A directory notification for 'C:/Users/0372346/Desktop/LazyDay/Content/' was aborted.
[2017.08.15-21.04.22:429][158]LogExit: Editor shut down
[2017.08.15-21.04.22:437][158]LogExit: Transaction tracking system shut down
[2017.08.15-21.04.22:534][158]LogObj: Freed 0b from 0 cluster array pools.
[2017.08.15-21.04.22:534][158]LogExit: Object subsystem successfully closed.
[2017.08.15-21.04.22:552][158]LogD3D11RHI: Shutdown
[2017.08.15-21.04.22:552][158]LogD3D11RHI: CleanupD3DDevice
[2017.08.15-21.04.22:641][158]LogD3D11RHI: ~FD3D11DynamicRHI
[2017.08.15-21.04.22:658][158]LogModuleManager: Shutting down and abandoning module HierarchicalLODUtilities (526)
[2017.08.15-21.04.22:658][158]LogModuleManager: Shutting down and abandoning module HierarchicalLODOutliner (524)
[2017.08.15-21.04.22:658][158]LogModuleManager: Shutting down and abandoning module CrashTracker (522)
[2017.08.15-21.04.22:658][158]LogModuleManager: Shutting down and abandoning module SceneOutliner (520)
[2017.08.15-21.04.22:658][158]LogModuleManager: Shutting down and abandoning module AddContentDialog (518)
[2017.08.15-21.04.22:658][158]LogDirectoryWatcher: A directory notification for 'C:/Program Files/Epic Games/UE_4.16/FeaturePacks/' was aborted.
[2017.08.15-21.04.22:659][158]LogModuleManager: Shutting down and abandoning module WidgetCarousel (517)
[2017.08.15-21.04.22:659][158]LogModuleManager: Shutting down and abandoning module EditorWidgets (514)
[2017.08.15-21.04.22:659][158]LogModuleManager: Shutting down and abandoning module CollectionManager (512)
[2017.08.15-21.04.22:659][158]LogDirectoryWatcher: A directory notification for 'C:/Users/0372346/Desktop/LazyDay/Content/Collections/' was aborted.
[2017.08.15-21.04.22:659][158]LogDirectoryWatcher: A directory notification for 'C:/Users/0372346/Desktop/LazyDay/Content/Developers/0372346/Collections/' was aborted.
[2017.08.15-21.04.22:659][158]LogDirectoryWatcher: A directory notification for 'C:/Users/0372346/Desktop/LazyDay/Saved/Collections/' was aborted.
[2017.08.15-21.04.22:659][158]LogModuleManager: Shutting down and abandoning module StatsViewer (510)
[2017.08.15-21.04.22:659][158]LogModuleManager: Shutting down and abandoning module FoliageEdit (508)
[2017.08.15-21.04.22:659][158]LogModuleManager: Shutting down and abandoning module LandscapeEditor (506)
[2017.08.15-21.04.22:659][158]LogModuleManager: Shutting down and abandoning module MeshPaintMode (504)
[2017.08.15-21.04.22:659][158]LogModuleManager: Shutting down and abandoning module SceneDepthPickerMode (502)
[2017.08.15-21.04.22:659][158]LogModuleManager: Shutting down and abandoning module ActorPickerMode (500)
[2017.08.15-21.04.22:659][158]LogModuleManager: Shutting down and abandoning module GeometryMode (498)
[2017.08.15-21.04.22:659][158]LogModuleManager: Shutting down and abandoning module TextureAlignMode (496)
[2017.08.15-21.04.22:659][158]LogModuleManager: Shutting down and abandoning module BspMode (494)
[2017.08.15-21.04.22:659][158]LogModuleManager: Shutting down and abandoning module HardwareSurvey (492)
[2017.08.15-21.04.22:659][158]LogModuleManager: Shutting down and abandoning module SequenceRecorderSections (490)
[2017.08.15-21.04.22:659][158]LogModuleManager: Shutting down and abandoning module AutomationWorker (488)
[2017.08.15-21.04.22:659][158]LogModuleManager: Shutting down and abandoning module MatineeToLevelSequence (486)
[2017.08.15-21.04.22:659][158]LogModuleManager: Shutting down and abandoning module LevelSequenceEditor (484)
[2017.08.15-21.04.22:659][158]LogModuleManager: Shutting down and abandoning module PlacementMode (483)
[2017.08.15-21.04.22:659][158]LogModuleManager: Shutting down and abandoning module WmfMediaFactory (480)
[2017.08.15-21.04.22:659][158]LogModuleManager: Shutting down and abandoning module WmfMediaEditor (478)
[2017.08.15-21.04.22:659][158]LogModuleManager: Shutting down and abandoning module AvfMediaFactory (476)
[2017.08.15-21.04.22:659][158]LogModuleManager: Shutting down and abandoning module AvfMediaEditor (474)
[2017.08.15-21.04.22:659][158]LogModuleManager: Shutting down and abandoning module AndroidMediaFactory (472)
[2017.08.15-21.04.22:659][158]LogModuleManager: Shutting down and abandoning module Media (471)
[2017.08.15-21.04.22:659][158]LogModuleManager: Shutting down and abandoning module AndroidMediaEditor (468)
[2017.08.15-21.04.22:659][158]LogModuleManager: Shutting down and abandoning module CharacterAI (466)
[2017.08.15-21.04.22:659][158]LogModuleManager: Shutting down and abandoning module AudioCapture (464)
[2017.08.15-21.04.22:659][158]LogModuleManager: Shutting down and abandoning module SequenceRecorder (463)
[2017.08.15-21.04.22:660][158]LogModuleManager: Shutting down and abandoning module SmartSnapping (460)
[2017.08.15-21.04.22:660][158]LogModuleManager: Shutting down and abandoning module SessionServices (458)
[2017.08.15-21.04.22:660][158]LogModuleManager: Shutting down and abandoning module ViewportSnapping (456)
[2017.08.15-21.04.22:660][158]LogModuleManager: Shutting down and abandoning module ViewportInteraction (454)
[2017.08.15-21.04.22:660][158]LogModuleManager: Shutting down and abandoning module ClothPainter (452)
[2017.08.15-21.04.22:660][158]LogModuleManager: Shutting down and abandoning module LogVisualizer (450)
[2017.08.15-21.04.22:660][158]LogModuleManager: Shutting down and abandoning module IntroTutorials (448)
[2017.08.15-21.04.22:660][158]LogModuleManager: Shutting down and abandoning module GameProjectGeneration (447)
[2017.08.15-21.04.22:660][158]LogModuleManager: Shutting down and abandoning module EditorLiveStreaming (444)
[2017.08.15-21.04.22:660][158]LogModuleManager: Shutting down and abandoning module IOSPlatformEditor (442)
[2017.08.15-21.04.22:660][158]LogModuleManager: Shutting down and abandoning module HTML5PlatformEditor (440)
[2017.08.15-21.04.22:660][158]LogModuleManager: Shutting down and abandoning module AndroidPlatformEditor (438)
[2017.08.15-21.04.22:660][158]LogModuleManager: Shutting down and abandoning module AndroidDeviceDetection (437)
[2017.08.15-21.04.23:082][158]LogModuleManager: Shutting down and abandoning module IOSRuntimeSettings (434)
[2017.08.15-21.04.23:082][158]LogModuleManager: Shutting down and abandoning module AndroidRuntimeSettings (432)
[2017.08.15-21.04.23:082][158]LogModuleManager: Shutting down and abandoning module InputBindingEditor (430)
[2017.08.15-21.04.23:082][158]LogModuleManager: Shutting down and abandoning module MergeActors (428)
[2017.08.15-21.04.23:082][158]LogModuleManager: Shutting down and abandoning module SizeMap (426)
[2017.08.15-21.04.23:082][158]LogModuleManager: Shutting down and abandoning module TreeMap (424)
[2017.08.15-21.04.23:082][158]LogModuleManager: Shutting down and abandoning module ReferenceViewer (422)
[2017.08.15-21.04.23:082][158]LogModuleManager: Shutting down and abandoning module LocalizationDashboard (420)
[2017.08.15-21.04.23:082][158]LogModuleManager: Shutting down and abandoning module LocalizationService (419)
[2017.08.15-21.04.23:082][158]LogModuleManager: Shutting down and abandoning module HardwareTargeting (416)
[2017.08.15-21.04.23:082][158]LogModuleManager: Shutting down and abandoning module DeviceProfileEditor (414)
[2017.08.15-21.04.23:082][158]LogModuleManager: Shutting down and abandoning module UndoHistory (412)
[2017.08.15-21.04.23:082][158]LogModuleManager: Shutting down and abandoning module UserFeedback (410)
[2017.08.15-21.04.23:082][158]LogModuleManager: Shutting down and abandoning module XmlParser (408)
[2017.08.15-21.04.23:082][158]LogModuleManager: Shutting down and abandoning module Blutility (406)
[2017.08.15-21.04.23:082][158]LogModuleManager: Shutting down and abandoning module ProjectSettingsViewer (404)
[2017.08.15-21.04.23:082][158]LogModuleManager: Shutting down and abandoning module ProjectTargetPlatformEditor (403)
[2017.08.15-21.04.23:082][158]LogModuleManager: Shutting down and abandoning module EditorSettingsViewer (400)
[2017.08.15-21.04.23:083][158]LogModuleManager: Shutting down and abandoning module SettingsEditor (398)
[2017.08.15-21.04.23:083][158]LogModuleManager: Shutting down and abandoning module ProjectLauncher (396)
[2017.08.15-21.04.23:083][158]LogModuleManager: Shutting down and abandoning module SessionFrontend (394)
[2017.08.15-21.04.23:083][158]LogModuleManager: Shutting down and abandoning module ProfilerClient (392)
[2017.08.15-21.04.23:083][158]LogModuleManager: Shutting down and abandoning module DeviceManager (390)
[2017.08.15-21.04.23:083][158]LogModuleManager: Shutting down and abandoning module TargetDeviceServices (389)
[2017.08.15-21.04.23:148][158]LogModuleManager: Shutting down and abandoning module AutomationController (386)
[2017.08.15-21.04.23:148][158]LogModuleManager: Shutting down and abandoning module AutomationWindow (384)
[2017.08.15-21.04.23:148][158]LogModuleManager: Shutting down and abandoning module Layers (382)
[2017.08.15-21.04.23:148][158]LogModuleManager: Shutting down and abandoning module ComponentVisualizers (380)
[2017.08.15-21.04.23:148][158]LogModuleManager: Shutting down and abandoning module DetailCustomizations (378)
[2017.08.15-21.04.23:148][158]LogModuleManager: Shutting down and abandoning module PackagesDialog (376)
[2017.08.15-21.04.23:148][158]LogModuleManager: Shutting down and abandoning module Persona (374)
[2017.08.15-21.04.23:148][158]LogModuleManager: Shutting down and abandoning module AdvancedPreviewScene (373)
[2017.08.15-21.04.23:148][158]LogModuleManager: Shutting down and abandoning module AnimGraph (371)
[2017.08.15-21.04.23:148][158]LogModuleManager: Shutting down and abandoning module Kismet (368)
[2017.08.15-21.04.23:149][158]LogModuleManager: Shutting down and abandoning module ClassViewer (366)
[2017.08.15-21.04.23:150][158]LogModuleManager: Shutting down and abandoning module Toolbox (364)
[2017.08.15-21.04.23:150][158]LogModuleManager: Shutting down and abandoning module ModuleUI (362)
[2017.08.15-21.04.23:150][158]LogModuleManager: Shutting down and abandoning module MovieSceneTools (360)
[2017.08.15-21.04.23:150][158]LogModuleManager: Shutting down and abandoning module OutputLog (358)
[2017.08.15-21.04.23:150][158]LogModuleManager: Shutting down and abandoning module GammaUI (356)
[2017.08.15-21.04.23:150][158]LogModuleManager: Shutting down and abandoning module Documentation (354)
[2017.08.15-21.04.23:150][158]LogModuleManager: Shutting down and abandoning module MovieSceneTracks (352)
[2017.08.15-21.04.23:150][158]LogModuleManager: Shutting down and abandoning module MovieScene (350)
[2017.08.15-21.04.23:150][158]LogModuleManager: Shutting down and abandoning module Niagara (348)
[2017.08.15-21.04.23:150][158]LogModuleManager: Shutting down and abandoning module NiagaraEditor (347)
[2017.08.15-21.04.23:150][158]LogModuleManager: Shutting down and abandoning module StreamingPauseRendering (344)
[2017.08.15-21.04.23:150][158]LogModuleManager: Shutting down and abandoning module AnalyticsET (342)
[2017.08.15-21.04.23:150][158]LogModuleManager: Shutting down and abandoning module PortalServices (340)
[2017.08.15-21.04.23:150][158]LogModuleManager: Shutting down and abandoning module PortalRpc (338)
[2017.08.15-21.04.23:150][158]LogModuleManager: Shutting down and abandoning module MessagingRpc (336)
[2017.08.15-21.04.23:150][158]LogModuleManager: Shutting down and abandoning module AIModule (334)
[2017.08.15-21.04.23:150][158]LogModuleManager: Shutting down and abandoning module GameplayDebugger (333)
[2017.08.15-21.04.23:150][158]LogModuleManager: Shutting down and abandoning module AITestSuite (331)
[2017.08.15-21.04.23:150][158]LogModuleManager: Shutting down and abandoning module ProfilerService (328)
[2017.08.15-21.04.23:166][158]LogModuleManager: Shutting down and abandoning module TaskGraph (326)
[2017.08.15-21.04.23:166][158]LogModuleManager: Shutting down and abandoning module SteamVRController (324)
[2017.08.15-21.04.23:166][158]LogModuleManager: Shutting down and abandoning module SteamVR (322)
[2017.08.15-21.04.23:166][158]LogModuleManager: Shutting down and abandoning module ProceduralMeshComponentEditor (320)
[2017.08.15-21.04.23:166][158]LogModuleManager: Shutting down and abandoning module ProceduralMeshComponent (318)
[2017.08.15-21.04.23:166][158]LogModuleManager: Shutting down and abandoning module OculusLibrary (316)
[2017.08.15-21.04.23:166][158]LogModuleManager: Shutting down and abandoning module OculusInput (314)
[2017.08.15-21.04.23:166][158]LogModuleManager: Shutting down and abandoning module MobilePatchingUtils (312)
[2017.08.15-21.04.23:166][158]LogModuleManager: Shutting down and abandoning module CustomMeshComponent (310)
[2017.08.15-21.04.23:166][158]LogModuleManager: Shutting down and abandoning module CableComponent (308)
[2017.08.15-21.04.23:166][158]LogModuleManager: Shutting down and abandoning module ArchVisCharacter (306)
[2017.08.15-21.04.23:166][158]LogModuleManager: Shutting down and abandoning module AndroidPermission (304)
[2017.08.15-21.04.23:166][158]LogModuleManager: Shutting down and abandoning module MediaPlayerEditor (300)
[2017.08.15-21.04.23:166][158]LogModuleManager: Shutting down and abandoning module HTML5Networking (298)
[2017.08.15-21.04.23:166][158]LogModuleManager: Shutting down and abandoning module AlembicImporter (296)
[2017.08.15-21.04.23:166][158]LogModuleManager: Shutting down and abandoning module AlembicLibrary (295)
[2017.08.15-21.04.23:166][158]LogModuleManager: Shutting down and abandoning module GeometryCache (294)
[2017.08.15-21.04.23:166][158]LogModuleManager: Shutting down and abandoning module GeometryCacheEd (293)
[2017.08.15-21.04.23:166][158]LogModuleManager: Shutting down and abandoning module SuperSearchEditor (288)
[2017.08.15-21.04.23:166][158]LogModuleManager: Shutting down and abandoning module SuperSearch (287)
[2017.08.15-21.04.23:166][158]LogModuleManager: Shutting down and abandoning module SpeedTreeImporter (284)
[2017.08.15-21.04.23:166][158]LogModuleManager: Shutting down and abandoning module PluginBrowser (282)
[2017.08.15-21.04.23:166][158]LogModuleManager: Shutting down and abandoning module MobileLauncherProfileWizard (280)
[2017.08.15-21.04.23:166][158]LogModuleManager: Shutting down and abandoning module VisualStudioSourceCodeAccess (278)
[2017.08.15-21.04.23:166][158]LogModuleManager: Shutting down and abandoning module DesktopPlatform (277)
[2017.08.15-21.04.23:166][158]LogModuleManager: Shutting down and abandoning module UObjectPlugin (274)
[2017.08.15-21.04.23:166][158]LogModuleManager: Shutting down and abandoning module SubversionSourceControl (272)
[2017.08.15-21.04.23:166][158]LogModuleManager: Shutting down and abandoning module PerforceSourceControl (270)
[2017.08.15-21.04.23:166][158]LogModuleManager: Shutting down and abandoning module GitSourceControl (268)
[2017.08.15-21.04.23:167][158]LogModuleManager: Shutting down and abandoning module SourceControl (267)
[2017.08.15-21.04.23:167][158]LogModuleManager: Shutting down and abandoning module LightPropagationVolumeEditor (264)
[2017.08.15-21.04.23:167][158]LogModuleManager: Shutting down and abandoning module PaperTiledImporter (262)
[2017.08.15-21.04.23:167][158]LogModuleManager: Shutting down and abandoning module PaperSpriteSheetImporter (260)
[2017.08.15-21.04.23:167][158]LogModuleManager: Shutting down and abandoning module Paper2DEditor (258)
[2017.08.15-21.04.23:167][158]LogModuleManager: Shutting down and abandoning module MeshPaint (257)
[2017.08.15-21.04.23:167][158]LogModuleManager: Shutting down and abandoning module LevelEditor (255)
[2017.08.15-21.04.23:168][158]LogModuleManager: Shutting down and abandoning module PixelInspectorModule (254)
[2017.08.15-21.04.23:168][158]LogModuleManager: Shutting down and abandoning module MainFrame (252)
[2017.08.15-21.04.23:168][158]LogModuleManager: Shutting down and abandoning module HotReload (251)
[2017.08.15-21.04.23:169][158]LogModuleManager: Shutting down and abandoning module PhysXVehiclesEditor (246)
[2017.08.15-21.04.23:169][158]LogModuleManager: Shutting down and abandoning module PhysXVehicles (244)
[2017.08.15-21.04.23:169][158]LogModuleManager: Shutting down and abandoning module LocationServicesBPLibrary (242)
[2017.08.15-21.04.23:169][158]LogModuleManager: Shutting down and abandoning module ImmediatePhysicsEditor (240)
[2017.08.15-21.04.23:169][158]LogModuleManager: Shutting down and abandoning module ImmediatePhysics (238)
[2017.08.15-21.04.23:169][158]LogModuleManager: Shutting down and abandoning module UdpMessaging (236)
[2017.08.15-21.04.23:271][158]LogModuleManager: Shutting down and abandoning module TcpMessaging (234)
[2017.08.15-21.04.23:371][158]LogModuleManager: Shutting down and abandoning module GameplayTagsEditor (232)
[2017.08.15-21.04.23:371][158]LogModuleManager: Shutting down and abandoning module FacialAnimationEditor (230)
[2017.08.15-21.04.23:371][158]LogModuleManager: Shutting down and abandoning module FacialAnimation (228)
[2017.08.15-21.04.23:371][158]LogModuleManager: Shutting down and abandoning module AssetManagerEditor (226)
[2017.08.15-21.04.23:371][158]LogModuleManager: Shutting down and abandoning module GraphEditor (225)
[2017.08.15-21.04.23:371][158]LogModuleManager: Shutting down and abandoning module ContentBrowser (223)
[2017.08.15-21.04.23:373][158]LogModuleManager: Shutting down and abandoning module LightPropagationVolumeRuntime (220)
[2017.08.15-21.04.23:373][158]LogModuleManager: Shutting down and abandoning module Paper2D (218)
[2017.08.15-21.04.23:373][158]LogModuleManager: Shutting down and abandoning module WindowsMoviePlayer (216)
[2017.08.15-21.04.23:373][158]LogModuleManager: Shutting down and abandoning module WmfMedia (214)
[2017.08.15-21.04.23:373][158]LogModuleManager: Shutting down and abandoning module ClothingSystemEditor (212)
[2017.08.15-21.04.23:373][158]LogModuleManager: Shutting down and abandoning module ClothingSystemRuntime (210)
[2017.08.15-21.04.23:373][158]LogModuleManager: Shutting down and abandoning module MediaAssets (208)
[2017.08.15-21.04.23:373][158]LogModuleManager: Shutting down and abandoning module GameLiveStreaming (206)
[2017.08.15-21.04.23:374][158]LogModuleManager: Shutting down and abandoning module VREditor (204)
[2017.08.15-21.04.23:374][158]LogModuleManager: Shutting down and abandoning module StringTableEditor (202)
[2017.08.15-21.04.23:374][158]LogModuleManager: Shutting down and abandoning module GameplayTasksEditor (200)
[2017.08.15-21.04.23:374][158]LogModuleManager: Shutting down and abandoning module BehaviorTreeEditor (198)
[2017.08.15-21.04.23:374][158]LogModuleManager: Shutting down and abandoning module FunctionalTesting (196)
[2017.08.15-21.04.23:374][158]LogModuleManager: Shutting down and abandoning module CollisionAnalyzer (194)
[2017.08.15-21.04.23:374][158]LogModuleManager: Shutting down and abandoning module UMG (192)
[2017.08.15-21.04.23:374][158]LogModuleManager: Shutting down and abandoning module UMGEditor (191)
[2017.08.15-21.04.23:374][158]LogModuleManager: Shutting down and abandoning module Sequencer (190)
[2017.08.15-21.04.23:374][158]LogModuleManager: Shutting down and abandoning module AssetTools (188)
[2017.08.15-21.04.23:374][158]LogModuleManager: Shutting down and abandoning module MessageLog (187)
[2017.08.15-21.04.23:374][158]LogModuleManager: Shutting down and abandoning module WorkspaceMenuStructure (186)
[2017.08.15-21.04.23:374][158]LogModuleManager: Shutting down and abandoning module SlateReflector (180)
[2017.08.15-21.04.23:374][158]LogModuleManager: Shutting down and abandoning module Slate (178)
[2017.08.15-21.04.23:374][158]LogModuleManager: Shutting down and abandoning module EditorStyle (176)
[2017.08.15-21.04.23:380][158]LogModuleManager: Shutting down and abandoning module SourceCodeAccess (174)
[2017.08.15-21.04.23:380][158]LogModuleManager: Shutting down and abandoning module HeadMountedDisplay (172)
[2017.08.15-21.04.23:380][158]LogModuleManager: Shutting down and abandoning module XAudio2 (170)
[2017.08.15-21.04.23:380][158]LogModuleManager: Shutting down and abandoning module Networking (168)
[2017.08.15-21.04.23:380][158]LogModuleManager: Shutting down and abandoning module Core (164)
[2017.08.15-21.04.23:380][158]LogModuleManager: Shutting down and abandoning module AssetRegistry (162)
[2017.08.15-21.04.23:610][158]LogDirectoryWatcher: A directory notification for '../../../Engine/Content/' was aborted.
[2017.08.15-21.04.23:610][158]LogDirectoryWatcher: A directory notification for '../../../../../../Users/0372346/Desktop/LazyDay/Content/' was aborted.
[2017.08.15-21.04.23:610][158]LogDirectoryWatcher: A directory notification for '../../../Engine/Plugins/2D/Paper2D/Content/' was aborted.
[2017.08.15-21.04.23:610][158]LogDirectoryWatcher: A directory notification for '../../../Engine/Plugins/Runtime/GearVR/Content/' was aborted.
[2017.08.15-21.04.23:616][158]LogModuleManager: Shutting down and abandoning module DirectoryWatcher (161)
[2017.08.15-21.04.23:617][158]LogModuleManager: Shutting down and abandoning module KismetCompiler (158)
[2017.08.15-21.04.23:617][158]LogModuleManager: Shutting down and abandoning module LevelSequence (156)
[2017.08.15-21.04.23:617][158]LogModuleManager: Shutting down and abandoning module PhysXFormats (154)
[2017.08.15-21.04.23:617][158]LogModuleManager: Shutting down and abandoning module MeshUtilities (152)
[2017.08.15-21.04.23:617][158]LogModuleManager: Shutting down and abandoning module SimplygonSwarm (151)
[2017.08.15-21.04.23:617][158]LogModuleManager: Shutting down and abandoning module SimplygonMeshReduction (149)
[2017.08.15-21.04.23:618][158]LogModuleManager: Shutting down and abandoning module QuadricMeshReduction (147)
[2017.08.15-21.04.23:618][158]LogModuleManager: Shutting down and abandoning module DerivedDataCache (144)
[2017.08.15-21.04.23:706][158]LogDerivedDataCache: Shutdown
[2017.08.15-21.04.23:706][158]LogModuleManager: Shutting down and abandoning module TargetPlatform (142)
[2017.08.15-21.04.23:706][158]LogModuleManager: Shutting down and abandoning module VulkanShaderFormat (141)
[2017.08.15-21.04.23:706][158]LogModuleManager: Shutting down and abandoning module ShaderFormatVectorVM (139)
[2017.08.15-21.04.23:706][158]LogModuleManager: Shutting down and abandoning module ShaderFormatOpenGL (137)
[2017.08.15-21.04.23:706][158]LogModuleManager: Shutting down and abandoning module ShaderFormatD3D (135)
[2017.08.15-21.04.23:706][158]LogModuleManager: Shutting down and abandoning module MetalShaderFormat (133)
[2017.08.15-21.04.23:706][158]LogModuleManager: Shutting down and abandoning module TextureFormatUncompressed (131)
[2017.08.15-21.04.23:706][158]LogModuleManager: Shutting down and abandoning module TextureFormatPVR (129)
[2017.08.15-21.04.23:706][158]LogModuleManager: Shutting down and abandoning module TextureFormatDXT (127)
[2017.08.15-21.04.23:706][158]LogModuleManager: Shutting down and abandoning module TextureFormatIntelISPCTexComp (125)
[2017.08.15-21.04.23:706][158]LogModuleManager: Shutting down and abandoning module TextureFormatASTC (123)
[2017.08.15-21.04.23:706][158]LogModuleManager: Shutting down and abandoning module ImageWrapper (122)
[2017.08.15-21.04.23:706][158]LogModuleManager: Shutting down and abandoning module TextureFormatAndroid (119)
[2017.08.15-21.04.23:706][158]LogModuleManager: Shutting down and abandoning module AudioFormatOpus (117)
[2017.08.15-21.04.23:706][158]LogModuleManager: Shutting down and abandoning module AudioFormatOgg (115)
[2017.08.15-21.04.23:706][158]LogModuleManager: Shutting down and abandoning module AudioFormatADPCM (113)
[2017.08.15-21.04.23:706][158]LogModuleManager: Shutting down and abandoning module LinuxTargetPlatform (111)
[2017.08.15-21.04.23:706][158]LogModuleManager: Shutting down and abandoning module LinuxServerTargetPlatform (109)
[2017.08.15-21.04.23:706][158]LogModuleManager: Shutting down and abandoning module LinuxNoEditorTargetPlatform (107)
[2017.08.15-21.04.23:706][158]LogModuleManager: Shutting down and abandoning module LinuxClientTargetPlatform (105)
[2017.08.15-21.04.23:706][158]LogModuleManager: Shutting down and abandoning module TVOSTargetPlatform (103)
[2017.08.15-21.04.23:706][158]LogModuleManager: Shutting down and abandoning module Messaging (101)
[2017.08.15-21.04.23:706][158]LogModuleManager: Shutting down and abandoning module IOSTargetPlatform (99)
[2017.08.15-21.04.23:706][158]LogModuleManager: Shutting down and abandoning module HTML5TargetPlatform (97)
[2017.08.15-21.04.23:706][158]LogModuleManager: Shutting down and abandoning module Android_PVRTCTargetPlatform (95)
[2017.08.15-21.04.23:706][158]LogModuleManager: Shutting down and abandoning module Android_MultiTargetPlatform (93)
[2017.08.15-21.04.23:706][158]LogModuleManager: Shutting down and abandoning module Android_ETC2TargetPlatform (91)
[2017.08.15-21.04.23:706][158]LogModuleManager: Shutting down and abandoning module Android_ETC1TargetPlatform (89)
[2017.08.15-21.04.23:706][158]LogModuleManager: Shutting down and abandoning module Android_DXTTargetPlatform (87)
[2017.08.15-21.04.23:706][158]LogModuleManager: Shutting down and abandoning module Android_ATCTargetPlatform (85)
[2017.08.15-21.04.23:706][158]LogModuleManager: Shutting down and abandoning module Android_ASTCTargetPlatform (83)
[2017.08.15-21.04.23:706][158]LogModuleManager: Shutting down and abandoning module AndroidTargetPlatform (81)
[2017.08.15-21.04.23:706][158]LogModuleManager: Shutting down and abandoning module WindowsTargetPlatform (79)
[2017.08.15-21.04.23:706][158]LogModuleManager: Shutting down and abandoning module WindowsServerTargetPlatform (77)
[2017.08.15-21.04.23:706][158]LogModuleManager: Shutting down and abandoning module WindowsNoEditorTargetPlatform (75)
[2017.08.15-21.04.23:707][158]LogModuleManager: Shutting down and abandoning module WindowsClientTargetPlatform (73)
[2017.08.15-21.04.23:707][158]LogModuleManager: Shutting down and abandoning module MacTargetPlatform (71)
[2017.08.15-21.04.23:707][158]LogModuleManager: Shutting down and abandoning module MacServerTargetPlatform (69)
[2017.08.15-21.04.23:707][158]LogModuleManager: Shutting down and abandoning module MacNoEditorTargetPlatform (67)
[2017.08.15-21.04.23:707][158]LogModuleManager: Shutting down and abandoning module MacClientTargetPlatform (65)
[2017.08.15-21.04.23:707][158]LogModuleManager: Shutting down and abandoning module AllDesktopTargetPlatform (63)
[2017.08.15-21.04.23:707][158]LogModuleManager: Shutting down and abandoning module InputCore (60)
[2017.08.15-21.04.23:707][158]LogModuleManager: Shutting down and abandoning module Settings (58)
[2017.08.15-21.04.23:707][158]LogModuleManager: Shutting down and abandoning module OculusRift (56)
[2017.08.15-21.04.23:707][158]LogModuleManager: Shutting down and abandoning module GearVRController (54)
[2017.08.15-21.04.23:707][158]LogModuleManager: Shutting down and abandoning module GearVR (52)
[2017.08.15-21.04.23:707][158]LogModuleManager: Shutting down and abandoning module ExampleDeviceProfileSelector (50)
[2017.08.15-21.04.23:707][158]LogModuleManager: Shutting down and abandoning module OnlineBlueprintSupport (48)
[2017.08.15-21.04.23:707][158]LogModuleManager: Shutting down and abandoning module OnlineSubsystem (44)
[2017.08.15-21.04.23:707][158]LogOnline:Display: Unloading online subsystem: NULL
[2017.08.15-21.04.23:707][158]LogModuleManager: Shutting down and abandoning module XMPP (43)
[2017.08.15-21.04.23:707][158]LogModuleManager: Shutting down and abandoning module HTTP (41)
[2017.08.15-21.04.23:707][158]LogHttp:Display: Http module shutting down, but needs to wait on 1 outstanding Http requests:
[2017.08.15-21.04.23:707][158]LogHttp:Display: 	verb=[POST] url=[https://datarouter.ol.epicgames.com/datarouter/api/v1/public/data?SessionID=%7BFE429BFC-401F-B3BB-67FD-D3A04A5DD97F%7D&AppID=UEEditor.Rocket.Release&AppVersion=4.16.2-3514769%2B%2B%2BUE4%2BRelease-4.16&UserID=802a38474b86f3f968b1d8b7fedb0079%7C6057f39eeb7b46c7b48600953d1d45b6%7C2cecb251-2284-4187-b03a-dbc6d0574661&AppEnvironment=datacollector-binary&UploadType=eteventstream] status=Processing
[2017.08.15-21.04.23:738][158]LogModuleManager: Shutting down and abandoning module SSL (40)
[2017.08.15-21.04.23:741][158]LogModuleManager: Shutting down and abandoning module HTTPChunkInstaller (36)
[2017.08.15-21.04.23:741][158]LogModuleManager: Shutting down and abandoning module AnimationModifiers (34)
[2017.08.15-21.04.23:741][158]LogModuleManager: Shutting down and abandoning module PropertyEditor (33)
[2017.08.15-21.04.23:742][158]LogModuleManager: Shutting down and abandoning module AudioEditor (30)
[2017.08.15-21.04.23:742][158]LogModuleManager: Shutting down and abandoning module TextureCompressor (28)
[2017.08.15-21.04.23:742][158]LogModuleManager: Shutting down and abandoning module ShaderCore (26)
[2017.08.15-21.04.23:742][158]LogModuleManager: Shutting down and abandoning module Landscape (24)
[2017.08.15-21.04.23:742][158]LogModuleManager: Shutting down and abandoning module SlateRHIRenderer (22)
[2017.08.15-21.04.23:743][158]LogModuleManager: Shutting down and abandoning module OpenGLDrv (20)
[2017.08.15-21.04.23:743][158]LogModuleManager: Shutting down and abandoning module D3D11RHI (18)
[2017.08.15-21.04.23:743][158]LogModuleManager: Shutting down and abandoning module AnimGraphRuntime (16)
[2017.08.15-21.04.23:743][158]LogModuleManager: Shutting down and abandoning module Renderer (14)
[2017.08.15-21.04.23:743][158]LogModuleManager: Shutting down and abandoning module Engine (12)
[2017.08.15-21.04.23:743][158]LogModuleManager: Shutting down and abandoning module CoreUObject (10)
[2017.08.15-21.04.23:743][158]LogModuleManager: Shutting down and abandoning module NetworkFile (8)
[2017.08.15-21.04.23:743][158]LogModuleManager: Shutting down and abandoning module StreamingFile (6)
[2017.08.15-21.04.23:744][158]LogModuleManager: Shutting down and abandoning module SandboxFile (4)
[2017.08.15-21.04.23:744][158]LogModuleManager: Shutting down and abandoning module PakFile (2)
[2017.08.15-21.04.23:746][158]LogExit: Exiting.
[2017.08.15-21.04.23:772][158]Log file closed, 08/15/17 14:04:23
